<?xml version="1.0" encoding="UTF-8"?>
<!-- Generated by org.testng.reporters.JUnitReportReporter -->
<testsuite hostname="DESKTOP-ECCOGIN" failures="0" tests="2" name="testngpackage.LaunchFirefoxAndChromeTogether" time="91.633" errors="0" timestamp="2022-08-23T15:04:26 IST" skipped="0">
  <testcase classname="testngpackage.LaunchFirefoxAndChromeTogether" name="loginFFandCHROME" time="39.439"/>
  <system-out/>
  <testcase classname="testngpackage.LaunchFirefoxAndChromeTogether" name="loginFFandCHROME" time="52.194"/>
  <system-out/>
</testsuite> <!-- testngpackage.LaunchFirefoxAndChromeTogether -->
